2022-12-17 07:19:27,954 - __main__ - INFO - Token value: Token not available!
2022-12-17 07:19:30,145 - __main__ - INFO - Weather in Berlin: -2.56
2022-12-17 08:19:27,430 - __main__ - INFO - Token value: 1234
2022-12-17 08:19:28,285 - __main__ - INFO - Weather in Berlin: -2.78
2022-12-17 10:15:32,892 - __main__ - INFO - Token value: 1234
2022-12-17 10:15:33,299 - __main__ - INFO - Weather in Berlin: -2.6
2022-12-17 12:28:13,807 - __main__ - INFO - Token value: 1234
2022-12-17 12:28:14,251 - __main__ - INFO - Weather in Berlin: -2.44
2022-12-17 14:13:06,758 - __main__ - INFO - Token value: 1234
2022-12-17 14:13:07,221 - __main__ - INFO - Weather in Berlin: -2.58
2022-12-17 16:20:43,880 - __main__ - INFO - Token value: 1234
2022-12-17 16:20:44,332 - __main__ - INFO - Weather in Berlin: -3.27
2022-12-17 18:18:22,738 - __main__ - INFO - Token value: 1234
2022-12-17 18:18:23,168 - __main__ - INFO - Weather in Berlin: -3.63
2022-12-17 20:15:35,992 - __main__ - INFO - Token value: 1234
2022-12-17 20:15:36,560 - __main__ - INFO - Weather in Berlin: -4.36
2022-12-17 22:14:26,264 - __main__ - INFO - Token value: 1234
2022-12-17 22:14:26,877 - __main__ - INFO - Weather in Berlin: -4.74
2022-12-18 01:19:49,784 - __main__ - INFO - Token value: 1234
2022-12-18 01:19:50,393 - __main__ - INFO - Weather in Berlin: -6.04
2022-12-18 02:34:45,196 - __main__ - INFO - Token value: 1234
2022-12-18 02:34:46,120 - __main__ - INFO - Weather in Berlin: -5.98
2022-12-18 04:19:02,293 - __main__ - INFO - Token value: 1234
2022-12-18 04:19:02,696 - __main__ - INFO - Weather in Berlin: -6.07
2022-12-18 06:19:01,311 - __main__ - INFO - Token value: 1234
2022-12-18 06:19:01,900 - __main__ - INFO - Weather in Berlin: -6.69
2022-12-18 08:19:12,707 - __main__ - INFO - Token value: 1234
2022-12-18 08:19:12,902 - __main__ - INFO - Weather in Berlin: -6.17
2022-12-18 10:15:55,345 - __main__ - INFO - Token value: 1234
2022-12-18 10:15:55,913 - __main__ - INFO - Weather in Berlin: -5.59
2022-12-18 12:28:21,266 - __main__ - INFO - Token value: 1234
2022-12-18 12:28:21,838 - __main__ - INFO - Weather in Berlin: -4.45
2022-12-18 14:13:03,287 - __main__ - INFO - Token value: 1234
2022-12-18 14:13:03,509 - __main__ - INFO - Weather in Berlin: -4.13
2022-12-18 16:20:53,716 - __main__ - INFO - Token value: 1234
2022-12-18 16:20:54,166 - __main__ - INFO - Weather in Berlin: -4.47
2022-12-18 18:19:27,733 - __main__ - INFO - Token value: 1234
2022-12-18 18:19:28,326 - __main__ - INFO - Weather in Berlin: -4.79
2022-12-18 20:15:49,251 - __main__ - INFO - Token value: 1234
2022-12-18 20:15:50,132 - __main__ - INFO - Weather in Berlin: -5.24
2022-12-18 22:14:23,575 - __main__ - INFO - Token value: 1234
2022-12-18 22:14:24,148 - __main__ - INFO - Weather in Berlin: -5.25
2022-12-19 01:18:37,887 - __main__ - INFO - Token value: 1234
2022-12-19 01:18:38,465 - __main__ - INFO - Weather in Berlin: -4.58
2022-12-19 02:33:38,899 - __main__ - INFO - Token value: 1234
2022-12-19 02:33:39,491 - __main__ - INFO - Weather in Berlin: -4.3
2022-12-19 04:19:39,699 - __main__ - INFO - Token value: 1234
2022-12-19 04:19:40,303 - __main__ - INFO - Weather in Berlin: -3.96
2022-12-19 06:20:46,927 - __main__ - INFO - Token value: 1234
2022-12-19 06:20:47,064 - __main__ - INFO - Weather in Berlin: -3.69
2022-12-19 08:21:17,033 - __main__ - INFO - Token value: 1234
2022-12-19 08:21:17,216 - __main__ - INFO - Weather in Berlin: -2.8
2022-12-19 10:19:28,647 - __main__ - INFO - Token value: 1234
2022-12-19 10:19:28,991 - __main__ - INFO - Weather in Berlin: -0.52
2022-12-19 12:31:29,276 - __main__ - INFO - Token value: 1234
2022-12-19 12:31:29,428 - __main__ - INFO - Weather in Berlin: 0.68
2022-12-19 14:15:40,577 - __main__ - INFO - Token value: 1234
2022-12-19 14:15:41,449 - __main__ - INFO - Weather in Berlin: 1.13
2022-12-19 16:25:18,614 - __main__ - INFO - Token value: 1234
2022-12-19 16:25:18,752 - __main__ - INFO - Weather in Berlin: 1.96
2022-12-19 18:20:43,009 - __main__ - INFO - Token value: 1234
2022-12-19 18:20:43,722 - __main__ - INFO - Weather in Berlin: 3.05
2022-12-19 20:18:11,868 - __main__ - INFO - Token value: 1234
2022-12-19 20:18:12,282 - __main__ - INFO - Weather in Berlin: 3.75
2022-12-19 22:15:32,253 - __main__ - INFO - Token value: 1234
2022-12-19 22:15:32,436 - __main__ - INFO - Weather in Berlin: 3.49
2022-12-20 01:19:59,817 - __main__ - INFO - Token value: 1234
2022-12-20 01:20:00,004 - __main__ - INFO - Weather in Berlin: 3.7
2022-12-20 02:37:34,765 - __main__ - INFO - Token value: 1234
2022-12-20 02:37:35,106 - __main__ - INFO - Weather in Berlin: 4.07
2022-12-20 04:19:40,489 - __main__ - INFO - Token value: 1234
2022-12-20 04:19:40,786 - __main__ - INFO - Weather in Berlin: 4.4
2022-12-20 06:21:50,287 - __main__ - INFO - Token value: 1234
2022-12-20 06:21:50,444 - __main__ - INFO - Weather in Berlin: 4.45
2022-12-20 08:21:04,365 - __main__ - INFO - Token value: 1234
2022-12-20 08:21:04,921 - __main__ - INFO - Weather in Berlin: 5.16
2022-12-20 10:18:21,556 - __main__ - INFO - Token value: 1234
2022-12-20 10:18:22,189 - __main__ - INFO - Weather in Berlin: 5.8
2022-12-20 12:31:18,726 - __main__ - INFO - Token value: 1234
2022-12-20 12:31:19,372 - __main__ - INFO - Weather in Berlin: 6.85
2022-12-20 14:16:21,929 - __main__ - INFO - Token value: 1234
2022-12-20 14:16:22,325 - __main__ - INFO - Weather in Berlin: 7.58
2022-12-20 16:24:06,928 - __main__ - INFO - Token value: 1234
2022-12-20 16:24:07,207 - __main__ - INFO - Weather in Berlin: 6.33
2022-12-20 18:19:45,491 - __main__ - INFO - Token value: 1234
2022-12-20 18:19:45,682 - __main__ - INFO - Weather in Berlin: 6.11
2022-12-20 20:17:26,809 - __main__ - INFO - Token value: 1234
2022-12-20 20:17:27,552 - __main__ - INFO - Weather in Berlin: 6.22
2022-12-20 22:15:34,775 - __main__ - INFO - Token value: 1234
2022-12-20 22:15:35,380 - __main__ - INFO - Weather in Berlin: 5.74
2022-12-21 01:17:10,070 - __main__ - INFO - Token value: 1234
2022-12-21 01:17:10,221 - __main__ - INFO - Weather in Berlin: 5.21
2022-12-21 02:34:50,098 - __main__ - INFO - Token value: 1234
2022-12-21 02:34:50,684 - __main__ - INFO - Weather in Berlin: 4.94
2022-12-21 04:19:58,601 - __main__ - INFO - Token value: 1234
2022-12-21 04:19:59,188 - __main__ - INFO - Weather in Berlin: 4.94
2022-12-21 06:20:17,867 - __main__ - INFO - Token value: 1234
2022-12-21 06:20:18,301 - __main__ - INFO - Weather in Berlin: 5.25
2022-12-21 08:21:18,939 - __main__ - INFO - Token value: 1234
2022-12-21 08:21:19,532 - __main__ - INFO - Weather in Berlin: 5.78
2022-12-21 10:17:55,936 - __main__ - INFO - Token value: 1234
2022-12-21 10:17:56,413 - __main__ - INFO - Weather in Berlin: 6.59
2022-12-21 12:31:29,064 - __main__ - INFO - Token value: 1234
2022-12-21 12:31:29,209 - __main__ - INFO - Weather in Berlin: 7.33
2022-12-21 14:15:01,280 - __main__ - INFO - Token value: 1234
2022-12-21 14:15:01,436 - __main__ - INFO - Weather in Berlin: 7.49
2022-12-21 16:24:03,889 - __main__ - INFO - Token value: 1234
2022-12-21 16:24:04,076 - __main__ - INFO - Weather in Berlin: 7.13
2022-12-21 18:19:53,581 - __main__ - INFO - Token value: 1234
2022-12-21 18:19:53,924 - __main__ - INFO - Weather in Berlin: 6.96
2022-12-21 20:16:55,650 - __main__ - INFO - Token value: 1234
2022-12-21 20:16:56,335 - __main__ - INFO - Weather in Berlin: 6.93
2022-12-21 22:15:29,888 - __main__ - INFO - Token value: 1234
2022-12-21 22:15:30,348 - __main__ - INFO - Weather in Berlin: 6.54
2022-12-22 01:20:08,615 - __main__ - INFO - Token value: 1234
2022-12-22 01:20:09,392 - __main__ - INFO - Weather in Berlin: 5.32
2022-12-22 02:36:44,919 - __main__ - INFO - Token value: 1234
2022-12-22 02:36:45,506 - __main__ - INFO - Weather in Berlin: 5.58
2022-12-22 04:19:55,057 - __main__ - INFO - Token value: 1234
2022-12-22 04:19:55,778 - __main__ - INFO - Weather in Berlin: 5.94
2022-12-22 06:21:07,795 - __main__ - INFO - Token value: 1234
2022-12-22 06:21:08,647 - __main__ - INFO - Weather in Berlin: 6.43
2022-12-22 08:20:23,918 - __main__ - INFO - Token value: 1234
2022-12-22 08:20:24,583 - __main__ - INFO - Weather in Berlin: 6.7
2022-12-22 10:17:32,635 - __main__ - INFO - Token value: 1234
2022-12-22 10:17:33,109 - __main__ - INFO - Weather in Berlin: 7.11
2022-12-22 12:31:28,621 - __main__ - INFO - Token value: 1234
2022-12-22 12:31:30,060 - __main__ - INFO - Weather in Berlin: 8.21
2022-12-22 14:14:49,963 - __main__ - INFO - Token value: 1234
2022-12-22 14:14:50,740 - __main__ - INFO - Weather in Berlin: 8.37
2022-12-22 16:22:59,744 - __main__ - INFO - Token value: 1234
2022-12-22 16:23:00,057 - __main__ - INFO - Weather in Berlin: 8.47
2022-12-22 18:20:23,112 - __main__ - INFO - Token value: 1234
2022-12-22 18:20:23,762 - __main__ - INFO - Weather in Berlin: 7.45
2022-12-22 20:17:05,555 - __main__ - INFO - Token value: 1234
2022-12-22 20:17:06,172 - __main__ - INFO - Weather in Berlin: 5.75
2022-12-22 22:15:37,472 - __main__ - INFO - Token value: 1234
2022-12-22 22:15:38,597 - __main__ - INFO - Weather in Berlin: 5.22
2022-12-23 01:18:12,590 - __main__ - INFO - Token value: 1234
2022-12-23 01:18:12,768 - __main__ - INFO - Weather in Berlin: 5.59
2022-12-23 02:37:20,278 - __main__ - INFO - Token value: 1234
2022-12-23 02:37:21,104 - __main__ - INFO - Weather in Berlin: 5.73
2022-12-23 04:19:32,381 - __main__ - INFO - Token value: 1234
2022-12-23 04:19:32,856 - __main__ - INFO - Weather in Berlin: 5.93
2022-12-23 06:20:51,236 - __main__ - INFO - Token value: 1234
2022-12-23 06:20:51,426 - __main__ - INFO - Weather in Berlin: 6.06
2022-12-23 08:20:07,841 - __main__ - INFO - Token value: 1234
2022-12-23 08:20:08,438 - __main__ - INFO - Weather in Berlin: 6.55
2022-12-23 10:17:34,354 - __main__ - INFO - Token value: 1234
2022-12-23 10:17:35,061 - __main__ - INFO - Weather in Berlin: 6.91
2022-12-23 12:30:04,398 - __main__ - INFO - Token value: 1234
2022-12-23 12:30:04,562 - __main__ - INFO - Weather in Berlin: 7.18
2022-12-23 14:14:13,841 - __main__ - INFO - Token value: 1234
2022-12-23 14:14:13,987 - __main__ - INFO - Weather in Berlin: 7.41
2022-12-23 16:21:57,165 - __main__ - INFO - Token value: 1234
2022-12-23 16:21:57,348 - __main__ - INFO - Weather in Berlin: 6.62
2022-12-23 18:19:35,593 - __main__ - INFO - Token value: 1234
2022-12-23 18:19:35,974 - __main__ - INFO - Weather in Berlin: 6.16
2022-12-23 20:16:48,530 - __main__ - INFO - Token value: 1234
2022-12-23 20:16:49,163 - __main__ - INFO - Weather in Berlin: 5.91
2022-12-23 22:15:00,499 - __main__ - INFO - Token value: 1234
2022-12-23 22:15:01,280 - __main__ - INFO - Weather in Berlin: 5.88
2022-12-24 01:13:48,822 - __main__ - INFO - Token value: 1234
2022-12-24 01:13:49,013 - __main__ - INFO - Weather in Berlin: 5.46
2022-12-24 02:31:30,947 - __main__ - INFO - Token value: 1234
2022-12-24 02:31:31,570 - __main__ - INFO - Weather in Berlin: 5.25
2022-12-24 04:19:09,852 - __main__ - INFO - Token value: 1234
2022-12-24 04:19:10,145 - __main__ - INFO - Weather in Berlin: 5.36
2022-12-24 06:18:52,579 - __main__ - INFO - Token value: 1234
2022-12-24 06:18:52,929 - __main__ - INFO - Weather in Berlin: 5.13
2022-12-24 08:19:31,882 - __main__ - INFO - Token value: 1234
2022-12-24 08:19:32,679 - __main__ - INFO - Weather in Berlin: 5.06
2022-12-24 10:15:59,910 - __main__ - INFO - Token value: 1234
2022-12-24 10:16:00,493 - __main__ - INFO - Weather in Berlin: 5.56
2022-12-24 12:28:19,263 - __main__ - INFO - Token value: 1234
2022-12-24 12:28:20,006 - __main__ - INFO - Weather in Berlin: 7.03
2022-12-24 14:13:09,121 - __main__ - INFO - Token value: 1234
2022-12-24 14:13:09,626 - __main__ - INFO - Weather in Berlin: 7.79
2022-12-24 16:21:33,438 - __main__ - INFO - Token value: 1234
2022-12-24 16:21:33,892 - __main__ - INFO - Weather in Berlin: 7.14
2022-12-24 18:18:27,912 - __main__ - INFO - Token value: 1234
2022-12-24 18:18:28,101 - __main__ - INFO - Weather in Berlin: 6.51
2022-12-24 20:15:47,419 - __main__ - INFO - Token value: 1234
2022-12-24 20:15:48,161 - __main__ - INFO - Weather in Berlin: 6.35
2022-12-24 22:14:40,266 - __main__ - INFO - Token value: 1234
2022-12-24 22:14:41,155 - __main__ - INFO - Weather in Berlin: 6.61
2022-12-25 01:22:37,955 - __main__ - INFO - Token value: 1234
2022-12-25 01:22:38,418 - __main__ - INFO - Weather in Berlin: 5.33
2022-12-25 02:38:04,142 - __main__ - INFO - Token value: 1234
2022-12-25 02:38:04,616 - __main__ - INFO - Weather in Berlin: 4.21
2022-12-25 04:19:14,444 - __main__ - INFO - Token value: 1234
2022-12-25 04:19:14,760 - __main__ - INFO - Weather in Berlin: 4.09
2022-12-25 06:19:19,270 - __main__ - INFO - Token value: 1234
2022-12-25 06:19:20,098 - __main__ - INFO - Weather in Berlin: 3.16
2022-12-25 08:19:28,522 - __main__ - INFO - Token value: 1234
2022-12-25 08:19:29,055 - __main__ - INFO - Weather in Berlin: 2.24
2022-12-25 10:16:09,638 - __main__ - INFO - Token value: 1234
2022-12-25 10:16:10,220 - __main__ - INFO - Weather in Berlin: 3.51
2022-12-25 12:28:50,816 - __main__ - INFO - Token value: 1234
2022-12-25 12:28:50,963 - __main__ - INFO - Weather in Berlin: 4.45
2022-12-25 14:13:17,912 - __main__ - INFO - Token value: 1234
2022-12-25 14:13:18,101 - __main__ - INFO - Weather in Berlin: 5.09
2022-12-25 16:21:16,300 - __main__ - INFO - Token value: 1234
2022-12-25 16:21:16,638 - __main__ - INFO - Weather in Berlin: 5.83
2022-12-25 18:18:39,593 - __main__ - INFO - Token value: 1234
2022-12-25 18:18:40,079 - __main__ - INFO - Weather in Berlin: 6.49
2022-12-25 20:15:52,824 - __main__ - INFO - Token value: 1234
2022-12-25 20:15:53,408 - __main__ - INFO - Weather in Berlin: 7.09
2022-12-25 22:14:38,982 - __main__ - INFO - Token value: 1234
2022-12-25 22:14:39,483 - __main__ - INFO - Weather in Berlin: 7.9
2022-12-26 01:20:07,660 - __main__ - INFO - Token value: 1234
2022-12-26 01:20:08,076 - __main__ - INFO - Weather in Berlin: 8.58
2022-12-26 02:37:14,561 - __main__ - INFO - Token value: 1234
2022-12-26 02:37:14,705 - __main__ - INFO - Weather in Berlin: 9.1
2022-12-26 04:19:46,643 - __main__ - INFO - Token value: 1234
2022-12-26 04:19:47,250 - __main__ - INFO - Weather in Berlin: 9.7
2022-12-26 06:20:56,164 - __main__ - INFO - Token value: 1234
2022-12-26 06:20:56,528 - __main__ - INFO - Weather in Berlin: 9.8
2022-12-26 08:20:43,005 - __main__ - INFO - Token value: 1234
2022-12-26 08:20:43,499 - __main__ - INFO - Weather in Berlin: 10.09
2022-12-26 10:17:01,851 - __main__ - INFO - Token value: 1234
2022-12-26 10:17:02,498 - __main__ - INFO - Weather in Berlin: 10.1
2022-12-26 12:29:51,991 - __main__ - INFO - Token value: 1234
2022-12-26 12:29:52,577 - __main__ - INFO - Weather in Berlin: 10.06
2022-12-26 14:14:09,626 - __main__ - INFO - Token value: 1234
2022-12-26 14:14:10,117 - __main__ - INFO - Weather in Berlin: 10.21
2022-12-26 16:21:45,628 - __main__ - INFO - Token value: 1234
2022-12-26 16:21:45,806 - __main__ - INFO - Weather in Berlin: 9.46
2022-12-26 18:19:16,447 - __main__ - INFO - Token value: 1234
2022-12-26 18:19:16,913 - __main__ - INFO - Weather in Berlin: 8.88
2022-12-26 20:16:37,097 - __main__ - INFO - Token value: 1234
2022-12-26 20:16:37,283 - __main__ - INFO - Weather in Berlin: 7.71
2022-12-26 22:15:04,535 - __main__ - INFO - Token value: 1234
2022-12-26 22:15:05,123 - __main__ - INFO - Weather in Berlin: 5.99
2022-12-27 01:18:57,218 - __main__ - INFO - Token value: 1234
2022-12-27 01:18:57,688 - __main__ - INFO - Weather in Berlin: 4.62
2022-12-27 02:34:24,097 - __main__ - INFO - Token value: 1234
2022-12-27 02:34:24,696 - __main__ - INFO - Weather in Berlin: 4.01
2022-12-27 04:19:39,401 - __main__ - INFO - Token value: 1234
2022-12-27 04:19:39,551 - __main__ - INFO - Weather in Berlin: 3.06
2022-12-27 06:20:27,192 - __main__ - INFO - Token value: 1234
2022-12-27 06:20:27,464 - __main__ - INFO - Weather in Berlin: 3.05
2022-12-27 08:20:28,040 - __main__ - INFO - Token value: 1234
2022-12-27 08:20:28,244 - __main__ - INFO - Weather in Berlin: 3.45
2022-12-27 10:17:08,371 - __main__ - INFO - Token value: 1234
2022-12-27 10:17:08,968 - __main__ - INFO - Weather in Berlin: 4.7
2022-12-27 12:30:25,442 - __main__ - INFO - Token value: 1234
2022-12-27 12:30:25,853 - __main__ - INFO - Weather in Berlin: 5.68
2022-12-27 14:14:22,899 - __main__ - INFO - Token value: 1234
2022-12-27 14:14:23,451 - __main__ - INFO - Weather in Berlin: 5.91
2022-12-27 16:22:13,466 - __main__ - INFO - Token value: 1234
2022-12-27 16:22:14,044 - __main__ - INFO - Weather in Berlin: 4.25
2022-12-27 18:19:27,195 - __main__ - INFO - Token value: 1234
2022-12-27 18:19:27,383 - __main__ - INFO - Weather in Berlin: 3.41
2022-12-27 20:16:29,633 - __main__ - INFO - Token value: 1234
2022-12-27 20:16:30,047 - __main__ - INFO - Weather in Berlin: 2.68
2022-12-27 22:15:10,131 - __main__ - INFO - Token value: 1234
2022-12-27 22:15:10,326 - __main__ - INFO - Weather in Berlin: 3.2
2022-12-28 01:18:35,117 - __main__ - INFO - Token value: 1234
2022-12-28 01:18:35,626 - __main__ - INFO - Weather in Berlin: 4.12
2022-12-28 02:36:10,364 - __main__ - INFO - Token value: 1234
2022-12-28 02:36:10,854 - __main__ - INFO - Weather in Berlin: 4.36
2022-12-28 04:19:44,615 - __main__ - INFO - Token value: 1234
2022-12-28 04:19:44,803 - __main__ - INFO - Weather in Berlin: 3.73
2022-12-28 06:20:46,372 - __main__ - INFO - Token value: 1234
2022-12-28 06:20:47,708 - __main__ - INFO - Weather in Berlin: 3.79
2022-12-28 08:20:07,283 - __main__ - INFO - Token value: 1234
2022-12-28 08:20:08,074 - __main__ - INFO - Weather in Berlin: 4.18
2022-12-28 10:17:45,288 - __main__ - INFO - Token value: 1234
2022-12-28 10:17:45,457 - __main__ - INFO - Weather in Berlin: 5.22
2022-12-28 12:30:03,359 - __main__ - INFO - Token value: 1234
2022-12-28 12:30:03,946 - __main__ - INFO - Weather in Berlin: 7.4
2022-12-28 14:14:19,265 - __main__ - INFO - Token value: 1234
2022-12-28 14:14:19,954 - __main__ - INFO - Weather in Berlin: 8.31
2022-12-28 16:21:58,933 - __main__ - INFO - Token value: 1234
2022-12-28 16:21:59,084 - __main__ - INFO - Weather in Berlin: 7.74
2022-12-28 18:19:22,652 - __main__ - INFO - Token value: 1234
2022-12-28 18:19:23,196 - __main__ - INFO - Weather in Berlin: 7.73
2022-12-28 20:16:45,935 - __main__ - INFO - Token value: 1234
2022-12-28 20:16:46,521 - __main__ - INFO - Weather in Berlin: 7.81
2022-12-28 22:15:24,464 - __main__ - INFO - Token value: 1234
2022-12-28 22:15:25,141 - __main__ - INFO - Weather in Berlin: 7.14
2022-12-29 01:21:52,651 - __main__ - INFO - Token value: 1234
2022-12-29 01:21:53,218 - __main__ - INFO - Weather in Berlin: 7.91
2022-12-29 02:37:35,223 - __main__ - INFO - Token value: 1234
2022-12-29 02:37:35,826 - __main__ - INFO - Weather in Berlin: 8.01
2022-12-29 04:20:18,241 - __main__ - INFO - Token value: 1234
2022-12-29 04:20:18,494 - __main__ - INFO - Weather in Berlin: 8.9
2022-12-29 06:20:15,585 - __main__ - INFO - Token value: 1234
2022-12-29 06:20:16,098 - __main__ - INFO - Weather in Berlin: 9.7
2022-12-29 08:20:30,547 - __main__ - INFO - Token value: 1234
2022-12-29 08:20:31,218 - __main__ - INFO - Weather in Berlin: 10.24
2022-12-29 10:16:56,861 - __main__ - INFO - Token value: 1234
2022-12-29 10:16:57,473 - __main__ - INFO - Weather in Berlin: 10.63
2022-12-29 12:29:59,816 - __main__ - INFO - Token value: 1234
2022-12-29 12:30:00,350 - __main__ - INFO - Weather in Berlin: 12.4
2022-12-29 14:14:39,585 - __main__ - INFO - Token value: 1234
2022-12-29 14:14:40,175 - __main__ - INFO - Weather in Berlin: 10.55
2022-12-29 16:22:16,796 - __main__ - INFO - Token value: 1234
2022-12-29 16:22:17,122 - __main__ - INFO - Weather in Berlin: 9.91
2022-12-29 18:19:53,356 - __main__ - INFO - Token value: 1234
2022-12-29 18:19:53,876 - __main__ - INFO - Weather in Berlin: 9.63
2022-12-29 20:16:58,935 - __main__ - INFO - Token value: 1234
2022-12-29 20:16:59,499 - __main__ - INFO - Weather in Berlin: 9.22
2022-12-29 22:15:12,145 - __main__ - INFO - Token value: 1234
2022-12-29 22:15:12,304 - __main__ - INFO - Weather in Berlin: 9.33
2022-12-30 01:20:39,933 - __main__ - INFO - Token value: 1234
2022-12-30 01:20:40,412 - __main__ - INFO - Weather in Berlin: 8.58
2022-12-30 02:38:02,993 - __main__ - INFO - Token value: 1234
2022-12-30 02:38:03,637 - __main__ - INFO - Weather in Berlin: 7.95
2022-12-30 04:19:24,661 - __main__ - INFO - Token value: 1234
2022-12-30 04:19:24,809 - __main__ - INFO - Weather in Berlin: 7.03
2022-12-30 06:20:49,275 - __main__ - INFO - Token value: 1234
2022-12-30 06:20:49,783 - __main__ - INFO - Weather in Berlin: 6.5
2022-12-30 08:19:59,212 - __main__ - INFO - Token value: 1234
2022-12-30 08:19:59,789 - __main__ - INFO - Weather in Berlin: 5.24
2022-12-30 10:17:05,957 - __main__ - INFO - Token value: 1234
2022-12-30 10:17:06,586 - __main__ - INFO - Weather in Berlin: 6.77
2022-12-30 12:28:54,870 - __main__ - INFO - Token value: 1234
2022-12-30 12:28:55,466 - __main__ - INFO - Weather in Berlin: 8.93
2022-12-30 14:14:06,655 - __main__ - INFO - Token value: 1234
2022-12-30 14:14:07,250 - __main__ - INFO - Weather in Berlin: 8.78
2022-12-30 16:21:20,445 - __main__ - INFO - Token value: 1234
2022-12-30 16:21:21,200 - __main__ - INFO - Weather in Berlin: 7.43
2022-12-30 18:19:15,216 - __main__ - INFO - Token value: 1234
2022-12-30 18:19:16,555 - __main__ - INFO - Weather in Berlin: 7.36
2022-12-30 20:16:23,131 - __main__ - INFO - Token value: 1234
2022-12-30 20:16:23,587 - __main__ - INFO - Weather in Berlin: 7.79
2022-12-30 22:14:44,975 - __main__ - INFO - Token value: 1234
2022-12-30 22:14:45,154 - __main__ - INFO - Weather in Berlin: 7.78
2022-12-31 01:18:24,375 - __main__ - INFO - Token value: 1234
2022-12-31 01:18:24,558 - __main__ - INFO - Weather in Berlin: 8.93
2022-12-31 02:34:00,442 - __main__ - INFO - Token value: 1234
2022-12-31 02:34:01,019 - __main__ - INFO - Weather in Berlin: 9.51
2022-12-31 04:19:25,815 - __main__ - INFO - Token value: 1234
2022-12-31 04:19:26,162 - __main__ - INFO - Weather in Berlin: 10.54
2022-12-31 06:19:28,659 - __main__ - INFO - Token value: 1234
2022-12-31 06:19:29,287 - __main__ - INFO - Weather in Berlin: 11.23
2022-12-31 08:19:21,834 - __main__ - INFO - Token value: 1234
2022-12-31 08:19:22,288 - __main__ - INFO - Weather in Berlin: 13.1
2022-12-31 10:15:35,215 - __main__ - INFO - Token value: 1234
2022-12-31 10:15:35,987 - __main__ - INFO - Weather in Berlin: 15.15
2022-12-31 12:28:08,359 - __main__ - INFO - Token value: 1234
2022-12-31 12:28:08,599 - __main__ - INFO - Weather in Berlin: 15.34
2022-12-31 14:13:06,156 - __main__ - INFO - Token value: 1234
2022-12-31 14:13:06,669 - __main__ - INFO - Weather in Berlin: 16.92
2022-12-31 16:21:07,050 - __main__ - INFO - Token value: 1234
2022-12-31 16:21:07,286 - __main__ - INFO - Weather in Berlin: 16.25
2022-12-31 18:18:23,525 - __main__ - INFO - Token value: 1234
2022-12-31 18:18:24,114 - __main__ - INFO - Weather in Berlin: 16.82
2022-12-31 20:15:27,317 - __main__ - INFO - Token value: 1234
2022-12-31 20:15:27,789 - __main__ - INFO - Weather in Berlin: 16.02
2022-12-31 22:14:21,054 - __main__ - INFO - Token value: 1234
2022-12-31 22:14:21,241 - __main__ - INFO - Weather in Berlin: 16.11
2023-01-01 01:38:59,051 - __main__ - INFO - Token value: 1234
2023-01-01 01:38:59,692 - __main__ - INFO - Weather in Berlin: 15.71
2023-01-01 02:51:16,624 - __main__ - INFO - Token value: 1234
2023-01-01 02:51:16,806 - __main__ - INFO - Weather in Berlin: 15.56
2023-01-01 04:19:24,385 - __main__ - INFO - Token value: 1234
2023-01-01 04:19:24,977 - __main__ - INFO - Weather in Berlin: 15.18
2023-01-01 06:19:38,267 - __main__ - INFO - Token value: 1234
2023-01-01 06:19:38,888 - __main__ - INFO - Weather in Berlin: 14.75
2023-01-01 08:20:03,062 - __main__ - INFO - Token value: 1234
2023-01-01 08:20:04,551 - __main__ - INFO - Weather in Berlin: 14.65
2023-01-01 10:16:19,986 - __main__ - INFO - Token value: 1234
2023-01-01 10:16:20,718 - __main__ - INFO - Weather in Berlin: 15.21
2023-01-01 12:29:49,937 - __main__ - INFO - Token value: 1234
2023-01-01 12:29:50,107 - __main__ - INFO - Weather in Berlin: 15.69
2023-01-01 14:13:27,880 - __main__ - INFO - Token value: 1234
2023-01-01 14:13:28,259 - __main__ - INFO - Weather in Berlin: 15.14
2023-01-01 16:21:08,615 - __main__ - INFO - Token value: 1234
2023-01-01 16:21:09,072 - __main__ - INFO - Weather in Berlin: 14.16
2023-01-01 18:18:43,986 - __main__ - INFO - Token value: 1234
2023-01-01 18:18:44,180 - __main__ - INFO - Weather in Berlin: 11.76
2023-01-01 20:16:23,519 - __main__ - INFO - Token value: 1234
2023-01-01 20:16:24,179 - __main__ - INFO - Weather in Berlin: 11.29
2023-01-01 22:14:34,228 - __main__ - INFO - Token value: 1234
2023-01-01 22:14:34,746 - __main__ - INFO - Weather in Berlin: 11.96
2023-01-02 01:20:28,892 - __main__ - INFO - Token value: 1234
2023-01-02 01:20:29,417 - __main__ - INFO - Weather in Berlin: 11.86
2023-01-02 02:37:46,980 - __main__ - INFO - Token value: 1234
2023-01-02 02:37:47,549 - __main__ - INFO - Weather in Berlin: 12.1
2023-01-02 04:19:50,032 - __main__ - INFO - Token value: 1234
2023-01-02 04:19:50,683 - __main__ - INFO - Weather in Berlin: 12.47
2023-01-02 06:20:37,684 - __main__ - INFO - Token value: 1234
2023-01-02 06:20:38,162 - __main__ - INFO - Weather in Berlin: 13.34
2023-01-02 08:21:20,574 - __main__ - INFO - Token value: 1234
2023-01-02 08:21:21,216 - __main__ - INFO - Weather in Berlin: 13.95
2023-01-02 10:17:28,871 - __main__ - INFO - Token value: 1234
2023-01-02 10:17:29,451 - __main__ - INFO - Weather in Berlin: 15.1
2023-01-02 12:30:52,566 - __main__ - INFO - Token value: 1234
2023-01-02 12:30:52,877 - __main__ - INFO - Weather in Berlin: 14.98
2023-01-02 14:14:21,373 - __main__ - INFO - Token value: 1234
2023-01-02 14:14:21,792 - __main__ - INFO - Weather in Berlin: 14.92
2023-01-02 16:22:06,878 - __main__ - INFO - Token value: 1234
2023-01-02 16:22:07,016 - __main__ - INFO - Weather in Berlin: 14.57
2023-01-02 18:19:17,270 - __main__ - INFO - Token value: 1234
2023-01-02 18:19:18,070 - __main__ - INFO - Weather in Berlin: 12.18
2023-01-02 20:16:43,186 - __main__ - INFO - Token value: 1234
2023-01-02 20:16:43,371 - __main__ - INFO - Weather in Berlin: 10.99
2023-01-02 22:15:00,522 - __main__ - INFO - Token value: 1234
2023-01-02 22:15:00,687 - __main__ - INFO - Weather in Berlin: 9.67
2023-01-03 01:19:04,664 - __main__ - INFO - Token value: 1234
2023-01-03 01:19:04,821 - __main__ - INFO - Weather in Berlin: 8.59
2023-01-03 02:35:39,482 - __main__ - INFO - Token value: 1234
2023-01-03 02:35:39,638 - __main__ - INFO - Weather in Berlin: 8.17
2023-01-03 04:19:30,703 - __main__ - INFO - Token value: 1234
2023-01-03 04:19:31,116 - __main__ - INFO - Weather in Berlin: 6.52
2023-01-03 06:19:37,659 - __main__ - INFO - Token value: 1234
2023-01-03 06:19:38,136 - __main__ - INFO - Weather in Berlin: 5.6
2023-01-03 08:21:01,698 - __main__ - INFO - Token value: 1234
2023-01-03 08:21:01,846 - __main__ - INFO - Weather in Berlin: 4.6
2023-01-03 10:17:44,697 - __main__ - INFO - Token value: 1234
2023-01-03 10:17:45,298 - __main__ - INFO - Weather in Berlin: 5.43
2023-01-03 12:32:48,250 - __main__ - INFO - Token value: 1234
2023-01-03 12:32:48,928 - __main__ - INFO - Weather in Berlin: 7.01
2023-01-03 14:14:57,177 - __main__ - INFO - Token value: 1234
2023-01-03 14:14:57,659 - __main__ - INFO - Weather in Berlin: 6.94
2023-01-03 16:23:22,142 - __main__ - INFO - Token value: 1234
2023-01-03 16:23:22,278 - __main__ - INFO - Weather in Berlin: 4.36
2023-01-03 18:19:05,316 - __main__ - INFO - Token value: 1234
2023-01-03 18:19:05,931 - __main__ - INFO - Weather in Berlin: 3.72
2023-01-03 20:17:32,816 - __main__ - INFO - Token value: 1234
2023-01-03 20:17:32,969 - __main__ - INFO - Weather in Berlin: 4.43
2023-01-03 22:15:52,016 - __main__ - INFO - Token value: 1234
2023-01-03 22:15:52,598 - __main__ - INFO - Weather in Berlin: 4.5
2023-01-04 01:21:32,402 - __main__ - INFO - Token value: 1234
2023-01-04 01:21:33,085 - __main__ - INFO - Weather in Berlin: 3.53
2023-01-04 02:39:28,611 - __main__ - INFO - Token value: 1234
2023-01-04 02:39:28,872 - __main__ - INFO - Weather in Berlin: 3.66
2023-01-04 04:19:25,443 - __main__ - INFO - Token value: 1234
2023-01-04 04:19:25,935 - __main__ - INFO - Weather in Berlin: 3.89
2023-01-04 06:20:47,569 - __main__ - INFO - Token value: 1234
2023-01-04 06:20:48,024 - __main__ - INFO - Weather in Berlin: 4.51
2023-01-04 08:21:15,705 - __main__ - INFO - Token value: 1234
2023-01-04 08:21:16,253 - __main__ - INFO - Weather in Berlin: 5.78
2023-01-04 10:18:32,763 - __main__ - INFO - Token value: 1234
2023-01-04 10:18:33,488 - __main__ - INFO - Weather in Berlin: 6.04
2023-01-04 12:32:18,904 - __main__ - INFO - Token value: 1234
2023-01-04 12:32:19,085 - __main__ - INFO - Weather in Berlin: 7.47
2023-01-04 14:16:34,284 - __main__ - INFO - Token value: 1234
2023-01-04 14:16:34,696 - __main__ - INFO - Weather in Berlin: 7.75
2023-01-04 16:30:11,999 - __main__ - INFO - Token value: 1234
2023-01-04 16:30:12,234 - __main__ - INFO - Weather in Berlin: 8.34
2023-01-04 18:21:01,527 - __main__ - INFO - Token value: 1234
2023-01-04 18:21:02,318 - __main__ - INFO - Weather in Berlin: 9.35
2023-01-04 20:18:08,512 - __main__ - INFO - Token value: 1234
2023-01-04 20:18:09,106 - __main__ - INFO - Weather in Berlin: 10.01
2023-01-04 22:16:03,945 - __main__ - INFO - Token value: 1234
2023-01-04 22:16:04,524 - __main__ - INFO - Weather in Berlin: 10.07
2023-01-05 01:23:29,051 - __main__ - INFO - Token value: 1234
2023-01-05 01:23:29,957 - __main__ - INFO - Weather in Berlin: 9.44
2023-01-05 02:40:26,839 - __main__ - INFO - Token value: 1234
2023-01-05 02:40:27,548 - __main__ - INFO - Weather in Berlin: 9.69
2023-01-05 04:20:33,404 - __main__ - INFO - Token value: 1234
2023-01-05 04:20:34,236 - __main__ - INFO - Weather in Berlin: 9.7
2023-01-05 06:19:22,033 - __main__ - INFO - Token value: 1234
2023-01-05 06:19:22,207 - __main__ - INFO - Weather in Berlin: 9.02
2023-01-05 08:21:54,886 - __main__ - INFO - Token value: 1234
2023-01-05 08:21:55,520 - __main__ - INFO - Weather in Berlin: 8.55
2023-01-05 10:18:08,834 - __main__ - INFO - Token value: 1234
2023-01-05 10:18:09,016 - __main__ - INFO - Weather in Berlin: 9.09
2023-01-05 12:32:20,454 - __main__ - INFO - Token value: 1234
2023-01-05 12:32:21,049 - __main__ - INFO - Weather in Berlin: 9.35
2023-01-05 14:16:00,243 - __main__ - INFO - Token value: 1234
2023-01-05 14:16:01,094 - __main__ - INFO - Weather in Berlin: 9.08
2023-01-05 16:26:02,603 - __main__ - INFO - Token value: 1234
2023-01-05 16:26:03,187 - __main__ - INFO - Weather in Berlin: 7.76
2023-01-05 18:20:52,431 - __main__ - INFO - Token value: 1234
2023-01-05 18:20:52,612 - __main__ - INFO - Weather in Berlin: 6.94
2023-01-05 20:18:13,158 - __main__ - INFO - Token value: 1234
2023-01-05 20:18:13,321 - __main__ - INFO - Weather in Berlin: 6.3
2023-01-05 22:16:16,633 - __main__ - INFO - Token value: 1234
2023-01-05 22:16:17,225 - __main__ - INFO - Weather in Berlin: 5.04
2023-01-06 01:23:28,711 - __main__ - INFO - Token value: 1234
2023-01-06 01:23:28,959 - __main__ - INFO - Weather in Berlin: 3.94
2023-01-06 02:44:34,516 - __main__ - INFO - Token value: 1234
2023-01-06 02:44:34,687 - __main__ - INFO - Weather in Berlin: 3.89
2023-01-06 04:19:52,887 - __main__ - INFO - Token value: 1234
2023-01-06 04:19:53,339 - __main__ - INFO - Weather in Berlin: 4.47
2023-01-06 06:21:06,278 - __main__ - INFO - Token value: 1234
2023-01-06 06:21:06,463 - __main__ - INFO - Weather in Berlin: 4.66
2023-01-06 08:20:44,190 - __main__ - INFO - Token value: 1234
2023-01-06 08:20:44,777 - __main__ - INFO - Weather in Berlin: 5.12
2023-01-06 10:17:53,288 - __main__ - INFO - Token value: 1234
2023-01-06 10:17:54,079 - __main__ - INFO - Weather in Berlin: 6.21
2023-01-06 12:31:33,485 - __main__ - INFO - Token value: 1234
2023-01-06 12:31:34,072 - __main__ - INFO - Weather in Berlin: 8.39
2023-01-06 14:14:54,736 - __main__ - INFO - Token value: 1234
2023-01-06 14:14:55,526 - __main__ - INFO - Weather in Berlin: 9.62
2023-01-06 16:23:54,782 - __main__ - INFO - Token value: 1234
2023-01-06 16:23:55,358 - __main__ - INFO - Weather in Berlin: 9.31
2023-01-06 18:20:17,741 - __main__ - INFO - Token value: 1234
2023-01-06 18:20:18,178 - __main__ - INFO - Weather in Berlin: 8.5
2023-01-06 20:17:19,214 - __main__ - INFO - Token value: 1234
2023-01-06 20:17:19,528 - __main__ - INFO - Weather in Berlin: 7.96
2023-01-06 22:15:37,094 - __main__ - INFO - Token value: 1234
2023-01-06 22:15:37,523 - __main__ - INFO - Weather in Berlin: 7.32
2023-01-07 01:20:39,569 - __main__ - INFO - Token value: 1234
2023-01-07 01:20:39,727 - __main__ - INFO - Weather in Berlin: 6.41
2023-01-07 02:37:40,026 - __main__ - INFO - Token value: 1234
2023-01-07 02:37:40,671 - __main__ - INFO - Weather in Berlin: 5.84
2023-01-07 04:19:37,367 - __main__ - INFO - Token value: 1234
2023-01-07 04:19:37,505 - __main__ - INFO - Weather in Berlin: 6.49
2023-01-07 06:19:09,676 - __main__ - INFO - Token value: 1234
2023-01-07 06:19:10,292 - __main__ - INFO - Weather in Berlin: 6.78
2023-01-07 08:19:55,080 - __main__ - INFO - Token value: 1234
2023-01-07 08:19:55,278 - __main__ - INFO - Weather in Berlin: 7.03
2023-01-07 10:15:55,111 - __main__ - INFO - Token value: 1234
2023-01-07 10:15:55,984 - __main__ - INFO - Weather in Berlin: 7.69
2023-01-07 12:28:26,467 - __main__ - INFO - Token value: 1234
2023-01-07 12:28:27,143 - __main__ - INFO - Weather in Berlin: 9.35
2023-01-07 14:13:38,572 - __main__ - INFO - Token value: 1234
2023-01-07 14:13:39,156 - __main__ - INFO - Weather in Berlin: 10.16
2023-01-07 16:21:18,775 - __main__ - INFO - Token value: 1234
2023-01-07 16:21:18,919 - __main__ - INFO - Weather in Berlin: 8.77
2023-01-07 18:18:45,715 - __main__ - INFO - Token value: 1234
2023-01-07 18:18:45,972 - __main__ - INFO - Weather in Berlin: 9.07
2023-01-07 20:16:11,669 - __main__ - INFO - Token value: 1234
2023-01-07 20:16:12,183 - __main__ - INFO - Weather in Berlin: 8.77
2023-01-07 22:14:26,032 - __main__ - INFO - Token value: 1234
2023-01-07 22:14:26,292 - __main__ - INFO - Weather in Berlin: 8.82
2023-01-08 01:26:26,668 - __main__ - INFO - Token value: 1234
2023-01-08 01:26:27,243 - __main__ - INFO - Weather in Berlin: 7.68
2023-01-08 02:44:49,103 - __main__ - INFO - Token value: 1234
2023-01-08 02:44:49,287 - __main__ - INFO - Weather in Berlin: 7.12
2023-01-08 04:20:00,419 - __main__ - INFO - Token value: 1234
2023-01-08 04:20:01,078 - __main__ - INFO - Weather in Berlin: 6.17
2023-01-08 06:19:32,075 - __main__ - INFO - Token value: 1234
2023-01-08 06:19:33,034 - __main__ - INFO - Weather in Berlin: 5.83
2023-01-08 08:19:55,093 - __main__ - INFO - Token value: 1234
2023-01-08 08:19:55,686 - __main__ - INFO - Weather in Berlin: 6.86
2023-01-08 10:16:43,973 - __main__ - INFO - Token value: 1234
2023-01-08 10:16:44,160 - __main__ - INFO - Weather in Berlin: 7.43
2023-01-08 12:29:51,974 - __main__ - INFO - Token value: 1234
2023-01-08 12:29:52,628 - __main__ - INFO - Weather in Berlin: 7.9
2023-01-08 14:13:44,251 - __main__ - INFO - Token value: 1234
2023-01-08 14:13:45,147 - __main__ - INFO - Weather in Berlin: 8.21
2023-01-08 16:21:17,714 - __main__ - INFO - Token value: 1234
2023-01-08 16:21:18,216 - __main__ - INFO - Weather in Berlin: 7.65
2023-01-08 18:18:40,459 - __main__ - INFO - Token value: 1234
2023-01-08 18:18:40,607 - __main__ - INFO - Weather in Berlin: 7.24
2023-01-08 20:16:18,065 - __main__ - INFO - Token value: 1234
2023-01-08 20:16:18,201 - __main__ - INFO - Weather in Berlin: 6.83
2023-01-08 22:14:55,575 - __main__ - INFO - Token value: 1234
2023-01-08 22:14:56,152 - __main__ - INFO - Weather in Berlin: 6.07
2023-01-09 01:21:23,789 - __main__ - INFO - Token value: 1234
2023-01-09 01:21:24,503 - __main__ - INFO - Weather in Berlin: 5.01
2023-01-09 02:39:25,735 - __main__ - INFO - Token value: 1234
2023-01-09 02:39:26,178 - __main__ - INFO - Weather in Berlin: 4.5
2023-01-09 04:20:26,805 - __main__ - INFO - Token value: 1234
2023-01-09 04:20:27,466 - __main__ - INFO - Weather in Berlin: 4.18
2023-01-09 06:21:16,173 - __main__ - INFO - Token value: 1234
2023-01-09 06:21:16,355 - __main__ - INFO - Weather in Berlin: 5.14
2023-01-09 08:22:09,777 - __main__ - INFO - Token value: 1234
2023-01-09 08:22:10,257 - __main__ - INFO - Weather in Berlin: 5.35
2023-01-09 10:19:24,569 - __main__ - INFO - Token value: 1234
2023-01-09 10:19:25,338 - __main__ - INFO - Weather in Berlin: 6.36
2023-01-09 12:33:09,374 - __main__ - INFO - Token value: 1234
2023-01-09 12:33:09,530 - __main__ - INFO - Weather in Berlin: 7.65
2023-01-09 14:18:48,842 - __main__ - INFO - Token value: 1234
2023-01-09 14:18:49,029 - __main__ - INFO - Weather in Berlin: 7.85
2023-01-09 16:29:43,038 - __main__ - INFO - Token value: 1234
2023-01-09 16:29:43,344 - __main__ - INFO - Weather in Berlin: 7.41
2023-01-09 18:21:17,389 - __main__ - INFO - Token value: 1234
2023-01-09 18:21:18,121 - __main__ - INFO - Weather in Berlin: 6.46
2023-01-09 20:19:04,108 - __main__ - INFO - Token value: 1234
2023-01-09 20:19:04,438 - __main__ - INFO - Weather in Berlin: 6.49
2023-01-09 22:16:11,297 - __main__ - INFO - Token value: 1234
2023-01-09 22:16:11,445 - __main__ - INFO - Weather in Berlin: 6.46
2023-01-10 01:24:51,737 - __main__ - INFO - Token value: 1234
2023-01-10 01:24:52,205 - __main__ - INFO - Weather in Berlin: 6.44
2023-01-10 02:45:38,980 - __main__ - INFO - Token value: 1234
2023-01-10 02:45:39,575 - __main__ - INFO - Weather in Berlin: 6.06
2023-01-10 04:20:15,837 - __main__ - INFO - Token value: 1234
2023-01-10 04:20:16,025 - __main__ - INFO - Weather in Berlin: 6.04
2023-01-10 06:22:23,431 - __main__ - INFO - Token value: 1234
2023-01-10 06:22:23,998 - __main__ - INFO - Weather in Berlin: 6.19
2023-01-10 08:21:33,987 - __main__ - INFO - Token value: 1234
2023-01-10 08:21:34,171 - __main__ - INFO - Weather in Berlin: 6.05
2023-01-10 10:18:28,308 - __main__ - INFO - Token value: 1234
2023-01-10 10:18:28,800 - __main__ - INFO - Weather in Berlin: 6.95
2023-01-10 12:33:20,313 - __main__ - INFO - Token value: 1234
2023-01-10 12:33:20,503 - __main__ - INFO - Weather in Berlin: 7.62
2023-01-10 14:19:43,821 - __main__ - INFO - Token value: 1234
2023-01-10 14:19:44,309 - __main__ - INFO - Weather in Berlin: 7.77
2023-01-10 16:26:36,114 - __main__ - INFO - Token value: 1234
2023-01-10 16:26:36,297 - __main__ - INFO - Weather in Berlin: 6.69
2023-01-10 18:20:36,724 - __main__ - INFO - Token value: 1234
2023-01-10 18:20:37,201 - __main__ - INFO - Weather in Berlin: 6.08
2023-01-10 20:17:34,641 - __main__ - INFO - Token value: 1234
2023-01-10 20:17:35,235 - __main__ - INFO - Weather in Berlin: 5.38
2023-01-10 22:16:39,858 - __main__ - INFO - Token value: 1234
2023-01-10 22:16:40,483 - __main__ - INFO - Weather in Berlin: 4.4
2023-01-11 01:23:13,103 - __main__ - INFO - Token value: 1234
2023-01-11 01:23:13,469 - __main__ - INFO - Weather in Berlin: 4.52
2023-01-11 02:42:00,169 - __main__ - INFO - Token value: 1234
2023-01-11 02:42:00,326 - __main__ - INFO - Weather in Berlin: 4.57
2023-01-11 04:20:35,978 - __main__ - INFO - Token value: 1234
2023-01-11 04:20:36,273 - __main__ - INFO - Weather in Berlin: 5.22
2023-01-11 06:21:04,033 - __main__ - INFO - Token value: 1234
2023-01-11 06:21:04,736 - __main__ - INFO - Weather in Berlin: 5.62
2023-01-11 08:22:19,675 - __main__ - INFO - Token value: 1234
2023-01-11 08:22:20,187 - __main__ - INFO - Weather in Berlin: 5.94
2023-01-11 10:21:29,265 - __main__ - INFO - Token value: 1234
2023-01-11 10:21:30,134 - __main__ - INFO - Weather in Berlin: 6.6
2023-01-11 12:33:11,206 - __main__ - INFO - Token value: 1234
2023-01-11 12:33:11,934 - __main__ - INFO - Weather in Berlin: 7.07
2023-01-11 14:22:42,935 - __main__ - INFO - Token value: 1234
2023-01-11 14:22:43,199 - __main__ - INFO - Weather in Berlin: 7.55
2023-01-11 16:31:29,259 - __main__ - INFO - Token value: 1234
2023-01-11 16:31:29,733 - __main__ - INFO - Weather in Berlin: 7.87
2023-01-11 18:25:18,020 - __main__ - INFO - Token value: 1234
2023-01-11 18:25:18,458 - __main__ - INFO - Weather in Berlin: 8.25
2023-01-11 20:17:42,109 - __main__ - INFO - Token value: 1234
2023-01-11 20:17:42,526 - __main__ - INFO - Weather in Berlin: 7.43
2023-01-11 22:17:12,160 - __main__ - INFO - Token value: 1234
2023-01-11 22:17:12,658 - __main__ - INFO - Weather in Berlin: 6.43
2023-01-12 01:23:33,687 - __main__ - INFO - Token value: 1234
2023-01-12 01:23:34,206 - __main__ - INFO - Weather in Berlin: 5.66
2023-01-12 02:41:15,636 - __main__ - INFO - Token value: 1234
2023-01-12 02:41:15,828 - __main__ - INFO - Weather in Berlin: 5.76
2023-01-12 04:20:10,002 - __main__ - INFO - Token value: 1234
2023-01-12 04:20:10,598 - __main__ - INFO - Weather in Berlin: 6.12
2023-01-12 06:21:01,143 - __main__ - INFO - Token value: 1234
2023-01-12 06:21:01,909 - __main__ - INFO - Weather in Berlin: 7.03
2023-01-12 08:22:46,740 - __main__ - INFO - Token value: 1234
2023-01-12 08:22:47,290 - __main__ - INFO - Weather in Berlin: 7.62
2023-01-12 10:19:59,783 - __main__ - INFO - Token value: 1234
2023-01-12 10:19:59,928 - __main__ - INFO - Weather in Berlin: 8.99
2023-01-12 12:34:54,759 - __main__ - INFO - Token value: 1234
2023-01-12 12:34:54,898 - __main__ - INFO - Weather in Berlin: 8.88
2023-01-12 14:22:04,693 - __main__ - INFO - Token value: 1234
2023-01-12 14:22:04,870 - __main__ - INFO - Weather in Berlin: 9.6
2023-01-12 16:38:37,392 - __main__ - INFO - Token value: 1234
2023-01-12 16:38:37,579 - __main__ - INFO - Weather in Berlin: 9.86
2023-01-12 18:22:03,845 - __main__ - INFO - Token value: 1234
2023-01-12 18:22:04,270 - __main__ - INFO - Weather in Berlin: 10.11
2023-01-12 20:18:24,465 - __main__ - INFO - Token value: 1234
2023-01-12 20:18:25,059 - __main__ - INFO - Weather in Berlin: 10.57
2023-01-12 22:16:46,893 - __main__ - INFO - Token value: 1234
2023-01-12 22:16:47,034 - __main__ - INFO - Weather in Berlin: 9.2
2023-01-13 01:24:32,015 - __main__ - INFO - Token value: 1234
2023-01-13 01:24:32,213 - __main__ - INFO - Weather in Berlin: 9.23
2023-01-13 02:45:51,939 - __main__ - INFO - Token value: 1234
2023-01-13 02:45:52,407 - __main__ - INFO - Weather in Berlin: 9.35
2023-01-13 04:20:42,891 - __main__ - INFO - Token value: 1234
2023-01-13 04:20:43,387 - __main__ - INFO - Weather in Berlin: 9.56
2023-01-13 06:21:11,484 - __main__ - INFO - Token value: 1234
2023-01-13 06:21:12,004 - __main__ - INFO - Weather in Berlin: 9.36
2023-01-13 08:21:53,138 - __main__ - INFO - Token value: 1234
2023-01-13 08:21:53,470 - __main__ - INFO - Weather in Berlin: 9.2
2023-01-13 10:19:16,025 - __main__ - INFO - Token value: 1234
2023-01-13 10:19:16,455 - __main__ - INFO - Weather in Berlin: 9.07
2023-01-13 12:32:00,017 - __main__ - INFO - Token value: 1234
2023-01-13 12:32:00,165 - __main__ - INFO - Weather in Berlin: 9.64
2023-01-13 14:16:18,818 - __main__ - INFO - Token value: 1234
2023-01-13 14:16:19,244 - __main__ - INFO - Weather in Berlin: 9.94
2023-01-13 16:27:28,090 - __main__ - INFO - Token value: 1234
2023-01-13 16:27:28,267 - __main__ - INFO - Weather in Berlin: 9.24
2023-01-13 18:19:52,550 - __main__ - INFO - Token value: 1234
2023-01-13 18:19:52,738 - __main__ - INFO - Weather in Berlin: 8.32
2023-01-13 20:17:23,301 - __main__ - INFO - Token value: 1234
2023-01-13 20:17:23,802 - __main__ - INFO - Weather in Berlin: 8.35
2023-01-13 22:15:10,627 - __main__ - INFO - Token value: 1234
2023-01-13 22:15:10,820 - __main__ - INFO - Weather in Berlin: 8.05
2023-01-14 01:18:00,202 - __main__ - INFO - Token value: 1234
2023-01-14 01:18:00,882 - __main__ - INFO - Weather in Berlin: 7.43
2023-01-14 02:34:32,664 - __main__ - INFO - Token value: 1234
2023-01-14 02:34:33,264 - __main__ - INFO - Weather in Berlin: 7.55
2023-01-14 04:19:32,195 - __main__ - INFO - Token value: 1234
2023-01-14 04:19:32,789 - __main__ - INFO - Weather in Berlin: 7.11
2023-01-14 06:19:25,220 - __main__ - INFO - Token value: 1234
2023-01-14 06:19:25,406 - __main__ - INFO - Weather in Berlin: 7.23
2023-01-14 08:19:43,715 - __main__ - INFO - Token value: 1234
2023-01-14 08:19:44,349 - __main__ - INFO - Weather in Berlin: 6.59
2023-01-14 10:16:31,832 - __main__ - INFO - Token value: 1234
2023-01-14 10:16:32,683 - __main__ - INFO - Weather in Berlin: 8.07
2023-01-14 12:28:34,835 - __main__ - INFO - Token value: 1234
2023-01-14 12:28:35,026 - __main__ - INFO - Weather in Berlin: 8.41
2023-01-14 14:13:39,337 - __main__ - INFO - Token value: 1234
2023-01-14 14:13:39,878 - __main__ - INFO - Weather in Berlin: 8.13
2023-01-14 16:20:57,179 - __main__ - INFO - Token value: 1234
2023-01-14 16:20:57,389 - __main__ - INFO - Weather in Berlin: 6.69
2023-01-14 18:18:35,282 - __main__ - INFO - Token value: 1234
2023-01-14 18:18:35,892 - __main__ - INFO - Weather in Berlin: 6.58
2023-01-14 20:15:54,719 - __main__ - INFO - Token value: 1234
2023-01-14 20:15:55,210 - __main__ - INFO - Weather in Berlin: 6.86
2023-01-14 22:14:36,084 - __main__ - INFO - Token value: 1234
2023-01-14 22:14:36,584 - __main__ - INFO - Weather in Berlin: 7.26
2023-01-15 01:26:24,437 - __main__ - INFO - Token value: 1234
2023-01-15 01:26:25,084 - __main__ - INFO - Weather in Berlin: 8.45
2023-01-15 02:43:36,772 - __main__ - INFO - Token value: 1234
2023-01-15 02:43:37,265 - __main__ - INFO - Weather in Berlin: 8.86
2023-01-15 04:19:38,948 - __main__ - INFO - Token value: 1234
2023-01-15 04:19:39,518 - __main__ - INFO - Weather in Berlin: 8.62
2023-01-15 06:19:42,402 - __main__ - INFO - Token value: 1234
2023-01-15 06:19:43,096 - __main__ - INFO - Weather in Berlin: 5.49
2023-01-15 08:19:46,258 - __main__ - INFO - Token value: 1234
2023-01-15 08:19:46,772 - __main__ - INFO - Weather in Berlin: 5.23
2023-01-15 10:16:22,617 - __main__ - INFO - Token value: 1234
2023-01-15 10:16:22,898 - __main__ - INFO - Weather in Berlin: 5.51
2023-01-15 12:29:25,831 - __main__ - INFO - Token value: 1234
2023-01-15 12:29:26,433 - __main__ - INFO - Weather in Berlin: 6.85
2023-01-15 14:13:36,251 - __main__ - INFO - Token value: 1234
2023-01-15 14:13:37,129 - __main__ - INFO - Weather in Berlin: 7.08
2023-01-15 16:20:56,087 - __main__ - INFO - Token value: 1234
2023-01-15 16:20:56,963 - __main__ - INFO - Weather in Berlin: 6.25
2023-01-15 18:18:45,900 - __main__ - INFO - Token value: 1234
2023-01-15 18:18:46,498 - __main__ - INFO - Weather in Berlin: 5.39
2023-01-15 20:16:09,805 - __main__ - INFO - Token value: 1234
2023-01-15 20:16:10,380 - __main__ - INFO - Weather in Berlin: 5.55
2023-01-15 22:14:59,548 - __main__ - INFO - Token value: 1234
2023-01-15 22:15:00,030 - __main__ - INFO - Weather in Berlin: 5.41
2023-01-16 01:21:28,784 - __main__ - INFO - Token value: 1234
2023-01-16 01:21:29,175 - __main__ - INFO - Weather in Berlin: 4.9
2023-01-16 02:42:54,789 - __main__ - INFO - Token value: 1234
2023-01-16 02:42:55,469 - __main__ - INFO - Weather in Berlin: 4.15
2023-01-16 04:20:31,329 - __main__ - INFO - Token value: 1234
2023-01-16 04:20:31,917 - __main__ - INFO - Weather in Berlin: 3.93
2023-01-16 06:21:52,307 - __main__ - INFO - Token value: 1234
2023-01-16 06:21:52,490 - __main__ - INFO - Weather in Berlin: 3.3
2023-01-16 08:21:46,053 - __main__ - INFO - Token value: 1234
2023-01-16 08:21:46,312 - __main__ - INFO - Weather in Berlin: 3.39
2023-01-16 10:18:45,298 - __main__ - INFO - Token value: 1234
2023-01-16 10:18:45,482 - __main__ - INFO - Weather in Berlin: 5.0
2023-01-16 12:34:18,490 - __main__ - INFO - Token value: 1234
2023-01-16 12:34:18,990 - __main__ - INFO - Weather in Berlin: 7.06
2023-01-16 14:15:37,854 - __main__ - INFO - Token value: 1234
2023-01-16 14:15:38,155 - __main__ - INFO - Weather in Berlin: 7.47
2023-01-16 16:22:43,263 - __main__ - INFO - Token value: 1234
2023-01-16 16:22:43,841 - __main__ - INFO - Weather in Berlin: 5.6
2023-01-16 18:20:10,599 - __main__ - INFO - Token value: 1234
2023-01-16 18:20:11,171 - __main__ - INFO - Weather in Berlin: 4.92
2023-01-16 20:17:05,569 - __main__ - INFO - Token value: 1234
2023-01-16 20:17:06,175 - __main__ - INFO - Weather in Berlin: 4.59
2023-01-16 22:15:23,433 - __main__ - INFO - Token value: 1234
2023-01-16 22:15:23,884 - __main__ - INFO - Weather in Berlin: 4.69
2023-01-17 01:21:25,689 - __main__ - INFO - Token value: 1234
2023-01-17 01:21:25,882 - __main__ - INFO - Weather in Berlin: 4.31
2023-01-17 02:40:21,845 - __main__ - INFO - Token value: 1234
2023-01-17 02:40:22,428 - __main__ - INFO - Weather in Berlin: 3.81
2023-01-17 04:20:11,713 - __main__ - INFO - Token value: 1234
2023-01-17 04:20:12,521 - __main__ - INFO - Weather in Berlin: 4.2
2023-01-17 06:20:28,825 - __main__ - INFO - Token value: 1234
2023-01-17 06:20:29,262 - __main__ - INFO - Weather in Berlin: 4.59
2023-01-17 08:21:46,175 - __main__ - INFO - Token value: 1234
2023-01-17 08:21:46,926 - __main__ - INFO - Weather in Berlin: 4.42
2023-01-17 10:17:54,252 - __main__ - INFO - Token value: 1234
2023-01-17 10:17:54,714 - __main__ - INFO - Weather in Berlin: 4.88
2023-01-17 12:34:07,786 - __main__ - INFO - Token value: 1234
2023-01-17 12:34:07,928 - __main__ - INFO - Weather in Berlin: 3.6
2023-01-17 14:15:01,335 - __main__ - INFO - Token value: 1234
2023-01-17 14:15:02,087 - __main__ - INFO - Weather in Berlin: 4.14
2023-01-17 16:22:55,710 - __main__ - INFO - Token value: 1234
2023-01-17 16:22:55,875 - __main__ - INFO - Weather in Berlin: 3.54
2023-01-17 18:20:20,328 - __main__ - INFO - Token value: 1234
2023-01-17 18:20:20,986 - __main__ - INFO - Weather in Berlin: 0.98
2023-01-17 20:16:01,936 - __main__ - INFO - Token value: 1234
2023-01-17 20:16:02,267 - __main__ - INFO - Weather in Berlin: 0.02
2023-01-17 22:16:10,417 - __main__ - INFO - Token value: 1234
2023-01-17 22:16:10,602 - __main__ - INFO - Weather in Berlin: -0.44
2023-01-18 01:24:36,279 - __main__ - INFO - Token value: 1234
2023-01-18 01:24:36,790 - __main__ - INFO - Weather in Berlin: -0.47
2023-01-18 02:44:37,857 - __main__ - INFO - Token value: 1234
2023-01-18 02:44:38,048 - __main__ - INFO - Weather in Berlin: -0.71
2023-01-18 04:20:20,751 - __main__ - INFO - Token value: 1234
2023-01-18 04:20:21,379 - __main__ - INFO - Weather in Berlin: -0.82
2023-01-18 06:21:42,673 - __main__ - INFO - Token value: 1234
2023-01-18 06:21:43,158 - __main__ - INFO - Weather in Berlin: -0.81
2023-01-18 08:21:17,400 - __main__ - INFO - Token value: 1234
2023-01-18 08:21:17,879 - __main__ - INFO - Weather in Berlin: -0.27
2023-01-18 10:18:26,805 - __main__ - INFO - Token value: 1234
2023-01-18 10:18:27,276 - __main__ - INFO - Weather in Berlin: 1.02
2023-01-18 12:31:50,290 - __main__ - INFO - Token value: 1234
2023-01-18 12:31:50,539 - __main__ - INFO - Weather in Berlin: 1.73
2023-01-18 14:15:05,857 - __main__ - INFO - Token value: 1234
2023-01-18 14:15:06,452 - __main__ - INFO - Weather in Berlin: 1.76
2023-01-18 16:23:13,484 - __main__ - INFO - Token value: 1234
2023-01-18 16:23:13,984 - __main__ - INFO - Weather in Berlin: 1.0
2023-01-18 18:19:55,815 - __main__ - INFO - Token value: 1234
2023-01-18 18:19:56,365 - __main__ - INFO - Weather in Berlin: 1.17
2023-01-18 20:17:11,444 - __main__ - INFO - Token value: 1234
2023-01-18 20:17:11,607 - __main__ - INFO - Weather in Berlin: -0.22
2023-01-18 22:16:01,742 - __main__ - INFO - Token value: 1234
2023-01-18 22:16:01,881 - __main__ - INFO - Weather in Berlin: -1.35
2023-01-19 01:24:57,571 - __main__ - INFO - Token value: 1234
2023-01-19 01:24:57,761 - __main__ - INFO - Weather in Berlin: -2.12
2023-01-19 02:46:45,391 - __main__ - INFO - Token value: 1234
2023-01-19 02:46:46,008 - __main__ - INFO - Weather in Berlin: -2.26
2023-01-19 04:21:29,217 - __main__ - INFO - Token value: 1234
2023-01-19 04:21:29,399 - __main__ - INFO - Weather in Berlin: -2.67
2023-01-19 06:21:00,706 - __main__ - INFO - Token value: 1234
2023-01-19 06:21:01,218 - __main__ - INFO - Weather in Berlin: -3.49
2023-01-19 08:21:51,973 - __main__ - INFO - Token value: 1234
2023-01-19 08:21:52,589 - __main__ - INFO - Weather in Berlin: -3.17
2023-01-19 10:18:25,344 - __main__ - INFO - Token value: 1234
2023-01-19 10:18:25,922 - __main__ - INFO - Weather in Berlin: -1.43
2023-01-19 12:33:07,186 - __main__ - INFO - Token value: 1234
2023-01-19 12:33:07,577 - __main__ - INFO - Weather in Berlin: 0.96
2023-01-19 14:16:15,849 - __main__ - INFO - Token value: 1234
2023-01-19 14:16:15,997 - __main__ - INFO - Weather in Berlin: 1.81
2023-01-19 16:24:02,015 - __main__ - INFO - Token value: 1234
2023-01-19 16:24:02,203 - __main__ - INFO - Weather in Berlin: 0.41
2023-01-19 18:21:20,668 - __main__ - INFO - Token value: 1234
2023-01-19 18:21:21,433 - __main__ - INFO - Weather in Berlin: 0.38
2023-01-19 20:17:52,844 - __main__ - INFO - Token value: 1234
2023-01-19 20:17:53,430 - __main__ - INFO - Weather in Berlin: 0.76
2023-01-19 22:16:18,729 - __main__ - INFO - Token value: 1234
2023-01-19 22:16:19,318 - __main__ - INFO - Weather in Berlin: 1.14
2023-01-20 01:23:30,448 - __main__ - INFO - Token value: 1234
2023-01-20 01:23:30,788 - __main__ - INFO - Weather in Berlin: 1.43
2023-01-20 02:46:42,421 - __main__ - INFO - Token value: 1234
2023-01-20 02:46:42,613 - __main__ - INFO - Weather in Berlin: 1.13
2023-01-20 04:20:33,613 - __main__ - INFO - Token value: 1234
2023-01-20 04:20:33,944 - __main__ - INFO - Weather in Berlin: 1.02
2023-01-20 06:21:30,172 - __main__ - INFO - Token value: 1234
2023-01-20 06:21:30,654 - __main__ - INFO - Weather in Berlin: 0.18
2023-01-20 08:21:31,558 - __main__ - INFO - Token value: 1234
2023-01-20 08:21:32,171 - __main__ - INFO - Weather in Berlin: 0.08
2023-01-20 10:18:56,851 - __main__ - INFO - Token value: 1234
2023-01-20 10:18:57,339 - __main__ - INFO - Weather in Berlin: 0.65
2023-01-20 12:33:04,649 - __main__ - INFO - Token value: 1234
2023-01-20 12:33:05,158 - __main__ - INFO - Weather in Berlin: 1.32
2023-01-20 14:15:38,102 - __main__ - INFO - Token value: 1234
2023-01-20 14:15:38,424 - __main__ - INFO - Weather in Berlin: 1.39
2023-01-20 16:23:27,845 - __main__ - INFO - Token value: 1234
2023-01-20 16:23:28,300 - __main__ - INFO - Weather in Berlin: 1.02
2023-01-20 18:20:49,881 - __main__ - INFO - Token value: 1234
2023-01-20 18:20:50,521 - __main__ - INFO - Weather in Berlin: 0.16
2023-01-20 20:17:37,764 - __main__ - INFO - Token value: 1234
2023-01-20 20:17:38,004 - __main__ - INFO - Weather in Berlin: 0.05
2023-01-20 22:15:53,609 - __main__ - INFO - Token value: 1234
2023-01-20 22:15:54,042 - __main__ - INFO - Weather in Berlin: -0.42
2023-01-21 01:22:19,246 - __main__ - INFO - Token value: 1234
2023-01-21 01:22:19,868 - __main__ - INFO - Weather in Berlin: -0.57
2023-01-21 02:38:22,986 - __main__ - INFO - Token value: 1234
2023-01-21 02:38:23,128 - __main__ - INFO - Weather in Berlin: -0.65
2023-01-21 04:19:41,223 - __main__ - INFO - Token value: 1234
2023-01-21 04:19:41,540 - __main__ - INFO - Weather in Berlin: -0.24
2023-01-21 06:19:31,040 - __main__ - INFO - Token value: 1234
2023-01-21 06:19:31,567 - __main__ - INFO - Weather in Berlin: -0.08
2023-01-21 08:19:53,905 - __main__ - INFO - Token value: 1234
2023-01-21 08:19:54,741 - __main__ - INFO - Weather in Berlin: 0.35
2023-01-21 10:15:57,820 - __main__ - INFO - Token value: 1234
2023-01-21 10:15:57,997 - __main__ - INFO - Weather in Berlin: 1.44
2023-01-21 12:28:51,479 - __main__ - INFO - Token value: 1234
2023-01-21 12:28:51,963 - __main__ - INFO - Weather in Berlin: 2.47
2023-01-21 14:13:23,561 - __main__ - INFO - Token value: 1234
2023-01-21 14:13:24,083 - __main__ - INFO - Weather in Berlin: 3.23
2023-01-21 16:21:22,579 - __main__ - INFO - Token value: 1234
2023-01-21 16:21:23,165 - __main__ - INFO - Weather in Berlin: 2.87
2023-01-21 18:18:38,952 - __main__ - INFO - Token value: 1234
2023-01-21 18:18:39,409 - __main__ - INFO - Weather in Berlin: 1.44
2023-01-21 20:16:00,484 - __main__ - INFO - Token value: 1234
2023-01-21 20:16:01,019 - __main__ - INFO - Weather in Berlin: 1.38
2023-01-21 22:14:36,700 - __main__ - INFO - Token value: 1234
2023-01-21 22:14:36,893 - __main__ - INFO - Weather in Berlin: 1.68
2023-01-22 01:26:22,883 - __main__ - INFO - Token value: 1234
2023-01-22 01:26:23,028 - __main__ - INFO - Weather in Berlin: 1.52
2023-01-22 02:44:31,356 - __main__ - INFO - Token value: 1234
2023-01-22 02:44:32,232 - __main__ - INFO - Weather in Berlin: 1.47
2023-01-22 04:19:44,313 - __main__ - INFO - Token value: 1234
2023-01-22 04:19:44,806 - __main__ - INFO - Weather in Berlin: 1.29
2023-01-22 06:19:36,553 - __main__ - INFO - Token value: 1234
2023-01-22 06:19:37,160 - __main__ - INFO - Weather in Berlin: 1.22
2023-01-22 08:20:06,251 - __main__ - INFO - Token value: 1234
2023-01-22 08:20:06,757 - __main__ - INFO - Weather in Berlin: 1.32
2023-01-22 10:16:14,092 - __main__ - INFO - Token value: 1234
2023-01-22 10:16:14,687 - __main__ - INFO - Weather in Berlin: 1.62
2023-01-22 12:29:27,394 - __main__ - INFO - Token value: 1234
2023-01-22 12:29:27,986 - __main__ - INFO - Weather in Berlin: 2.18
2023-01-22 14:13:45,452 - __main__ - INFO - Token value: 1234
2023-01-22 14:13:45,632 - __main__ - INFO - Weather in Berlin: 1.95
2023-01-22 16:20:56,118 - __main__ - INFO - Token value: 1234
2023-01-22 16:20:56,734 - __main__ - INFO - Weather in Berlin: 1.67
2023-01-22 18:18:56,738 - __main__ - INFO - Token value: 1234
2023-01-22 18:18:57,838 - __main__ - INFO - Weather in Berlin: 1.48
2023-01-22 20:16:23,494 - __main__ - INFO - Token value: 1234
2023-01-22 20:16:23,643 - __main__ - INFO - Weather in Berlin: 1.59
2023-01-22 22:14:58,121 - __main__ - INFO - Token value: 1234
2023-01-22 22:14:58,468 - __main__ - INFO - Weather in Berlin: 1.48
2023-01-23 01:20:55,547 - __main__ - INFO - Token value: 1234
2023-01-23 01:20:56,018 - __main__ - INFO - Weather in Berlin: 1.65
2023-01-23 02:40:10,222 - __main__ - INFO - Token value: 1234
2023-01-23 02:40:11,039 - __main__ - INFO - Weather in Berlin: 1.58
2023-01-23 04:20:03,591 - __main__ - INFO - Token value: 1234
2023-01-23 04:20:03,788 - __main__ - INFO - Weather in Berlin: 1.54
2023-01-23 06:20:29,988 - __main__ - INFO - Token value: 1234
2023-01-23 06:20:30,176 - __main__ - INFO - Weather in Berlin: 1.63
2023-01-23 08:21:47,264 - __main__ - INFO - Token value: 1234
2023-01-23 08:21:47,456 - __main__ - INFO - Weather in Berlin: 1.53
2023-01-23 10:17:58,579 - __main__ - INFO - Token value: 1234
2023-01-23 10:17:59,157 - __main__ - INFO - Weather in Berlin: 1.77
2023-01-23 12:31:54,680 - __main__ - INFO - Token value: 1234
2023-01-23 12:31:55,319 - __main__ - INFO - Weather in Berlin: 2.24
2023-01-23 14:15:36,156 - __main__ - INFO - Token value: 1234
2023-01-23 14:15:36,578 - __main__ - INFO - Weather in Berlin: 2.39
2023-01-23 16:23:13,155 - __main__ - INFO - Token value: 1234
2023-01-23 16:23:13,665 - __main__ - INFO - Weather in Berlin: 2.07
2023-01-23 18:18:57,034 - __main__ - INFO - Token value: 1234
2023-01-23 18:18:57,175 - __main__ - INFO - Weather in Berlin: 1.71
2023-01-23 20:17:17,477 - __main__ - INFO - Token value: 1234
2023-01-23 20:17:17,624 - __main__ - INFO - Weather in Berlin: 1.49
2023-01-23 22:15:21,966 - __main__ - INFO - Token value: 1234
2023-01-23 22:15:22,249 - __main__ - INFO - Weather in Berlin: 1.33
2023-01-24 01:23:40,130 - __main__ - INFO - Token value: 1234
2023-01-24 01:23:40,266 - __main__ - INFO - Weather in Berlin: 0.93
2023-01-24 02:38:51,363 - __main__ - INFO - Token value: 1234
2023-01-24 02:38:51,964 - __main__ - INFO - Weather in Berlin: 0.57
2023-01-24 04:20:02,281 - __main__ - INFO - Token value: 1234
2023-01-24 04:20:02,858 - __main__ - INFO - Weather in Berlin: 0.09
2023-01-24 06:20:08,311 - __main__ - INFO - Token value: 1234
2023-01-24 06:20:08,490 - __main__ - INFO - Weather in Berlin: -0.02
2023-01-24 08:20:53,832 - __main__ - INFO - Token value: 1234
2023-01-24 08:20:54,389 - __main__ - INFO - Weather in Berlin: -0.02
2023-01-24 10:17:10,700 - __main__ - INFO - Token value: 1234
2023-01-24 10:17:11,284 - __main__ - INFO - Weather in Berlin: 0.4
2023-01-24 12:33:24,420 - __main__ - INFO - Token value: 1234
2023-01-24 12:33:25,000 - __main__ - INFO - Weather in Berlin: 1.38
2023-01-24 14:14:54,149 - __main__ - INFO - Token value: 1234
2023-01-24 14:14:54,338 - __main__ - INFO - Weather in Berlin: 1.62
2023-01-24 16:23:24,055 - __main__ - INFO - Token value: 1234
2023-01-24 16:23:24,522 - __main__ - INFO - Weather in Berlin: 1.42
2023-01-24 18:19:59,681 - __main__ - INFO - Token value: 1234
2023-01-24 18:20:00,261 - __main__ - INFO - Weather in Berlin: 1.25
2023-01-24 20:17:03,977 - __main__ - INFO - Token value: 1234
2023-01-24 20:17:04,583 - __main__ - INFO - Weather in Berlin: 1.21
2023-01-24 22:15:29,147 - __main__ - INFO - Token value: 1234
2023-01-24 22:15:29,291 - __main__ - INFO - Weather in Berlin: 1.29
2023-01-25 01:19:55,829 - __main__ - INFO - Token value: 1234
2023-01-25 01:19:56,332 - __main__ - INFO - Weather in Berlin: 1.11
2023-01-25 02:39:39,794 - __main__ - INFO - Token value: 1234
2023-01-25 02:39:40,633 - __main__ - INFO - Weather in Berlin: 1.11
2023-01-25 04:19:45,285 - __main__ - INFO - Token value: 1234
2023-01-25 04:19:45,967 - __main__ - INFO - Weather in Berlin: 0.99
2023-01-25 06:20:19,869 - __main__ - INFO - Token value: 1234
2023-01-25 06:20:20,557 - __main__ - INFO - Weather in Berlin: 0.86
2023-01-25 08:20:25,716 - __main__ - INFO - Token value: 1234
2023-01-25 08:20:25,907 - __main__ - INFO - Weather in Berlin: 1.3
2023-01-25 10:17:29,855 - __main__ - INFO - Token value: 1234
2023-01-25 10:17:30,548 - __main__ - INFO - Weather in Berlin: 1.23
2023-01-25 12:33:44,953 - __main__ - INFO - Token value: 1234
2023-01-25 12:33:45,440 - __main__ - INFO - Weather in Berlin: 1.07
2023-01-25 14:15:10,590 - __main__ - INFO - Token value: 1234
2023-01-25 14:15:10,738 - __main__ - INFO - Weather in Berlin: 0.99
2023-01-25 16:22:43,533 - __main__ - INFO - Token value: 1234
2023-01-25 16:22:43,680 - __main__ - INFO - Weather in Berlin: 0.67
2023-01-25 18:19:12,848 - __main__ - INFO - Token value: 1234
2023-01-25 18:19:13,034 - __main__ - INFO - Weather in Berlin: 0.47
2023-01-25 20:17:05,303 - __main__ - INFO - Token value: 1234
2023-01-25 20:17:05,655 - __main__ - INFO - Weather in Berlin: 0.12
2023-01-25 22:16:21,647 - __main__ - INFO - Token value: 1234
2023-01-25 22:16:22,124 - __main__ - INFO - Weather in Berlin: 0.12
2023-01-26 01:21:53,323 - __main__ - INFO - Token value: 1234
2023-01-26 01:21:53,548 - __main__ - INFO - Weather in Berlin: -0.01
2023-01-26 02:40:34,390 - __main__ - INFO - Token value: 1234
2023-01-26 02:40:34,925 - __main__ - INFO - Weather in Berlin: -0.1
2023-01-26 04:20:00,005 - __main__ - INFO - Token value: 1234
2023-01-26 04:20:00,662 - __main__ - INFO - Weather in Berlin: -0.16
2023-01-26 06:20:29,872 - __main__ - INFO - Token value: 1234
2023-01-26 06:20:30,426 - __main__ - INFO - Weather in Berlin: -0.24
2023-01-26 08:20:29,797 - __main__ - INFO - Token value: 1234
2023-01-26 08:20:30,024 - __main__ - INFO - Weather in Berlin: -0.36
2023-01-26 10:17:33,203 - __main__ - INFO - Token value: 1234
2023-01-26 10:17:33,360 - __main__ - INFO - Weather in Berlin: -0.56
2023-01-26 12:33:45,006 - __main__ - INFO - Token value: 1234
2023-01-26 12:33:45,705 - __main__ - INFO - Weather in Berlin: -0.53
2023-01-26 14:14:40,380 - __main__ - INFO - Token value: 1234
2023-01-26 14:14:40,568 - __main__ - INFO - Weather in Berlin: -0.35
2023-01-26 16:21:59,898 - __main__ - INFO - Token value: 1234
2023-01-26 16:22:00,059 - __main__ - INFO - Weather in Berlin: -0.4
2023-01-26 18:20:04,925 - __main__ - INFO - Token value: 1234
2023-01-26 18:20:05,426 - __main__ - INFO - Weather in Berlin: -0.66
2023-01-26 20:16:23,122 - __main__ - INFO - Token value: 1234
2023-01-26 20:16:23,624 - __main__ - INFO - Weather in Berlin: -0.52
2023-01-26 22:15:29,358 - __main__ - INFO - Token value: 1234
2023-01-26 22:15:29,935 - __main__ - INFO - Weather in Berlin: -0.19
2023-01-27 01:24:23,558 - __main__ - INFO - Token value: 1234
2023-01-27 01:24:23,892 - __main__ - INFO - Weather in Berlin: -0.02
2023-01-27 02:43:43,342 - __main__ - INFO - Token value: 1234
2023-01-27 02:43:43,889 - __main__ - INFO - Weather in Berlin: 0.18
2023-01-27 04:20:01,955 - __main__ - INFO - Token value: 1234
2023-01-27 04:20:02,991 - __main__ - INFO - Weather in Berlin: 0.34
2023-01-27 06:20:41,766 - __main__ - INFO - Token value: 1234
2023-01-27 06:20:42,212 - __main__ - INFO - Weather in Berlin: 0.52
2023-01-27 08:20:31,737 - __main__ - INFO - Token value: 1234
2023-01-27 08:20:32,184 - __main__ - INFO - Weather in Berlin: 1.12
2023-01-27 10:17:56,478 - __main__ - INFO - Token value: 1234
2023-01-27 10:17:56,941 - __main__ - INFO - Weather in Berlin: 2.65
2023-01-27 12:31:04,079 - __main__ - INFO - Token value: 1234
2023-01-27 12:31:04,581 - __main__ - INFO - Weather in Berlin: 3.23
2023-01-27 14:15:07,236 - __main__ - INFO - Token value: 1234
2023-01-27 14:15:07,375 - __main__ - INFO - Weather in Berlin: 3.08
2023-01-27 16:22:22,884 - __main__ - INFO - Token value: 1234
2023-01-27 16:22:23,500 - __main__ - INFO - Weather in Berlin: 3.03
2023-01-27 18:20:08,313 - __main__ - INFO - Token value: 1234
2023-01-27 18:20:08,925 - __main__ - INFO - Weather in Berlin: 2.47
2023-01-27 20:17:07,583 - __main__ - INFO - Token value: 1234
2023-01-27 20:17:08,121 - __main__ - INFO - Weather in Berlin: 1.74
2023-01-27 22:15:37,758 - __main__ - INFO - Token value: 1234
2023-01-27 22:15:38,343 - __main__ - INFO - Weather in Berlin: 1.22
